2026-01-18 09:54:28 | INFO     | ================================================================================
2026-01-18 09:54:28 | INFO     | Logging initialized - Log file: D:\Hackathons\Auraverse2_P2\YML-Agentic-Orchestrator\engine\logs\workflow_20260118_095428.log
2026-01-18 09:54:28 | INFO     | ================================================================================
2026-01-18 09:54:28 | INFO     | ================================================================================
2026-01-18 09:54:28 | INFO     | WORKFLOW EXECUTION STARTED
2026-01-18 09:54:28 | INFO     | Start Time: 2026-01-18 09:54:28
2026-01-18 09:54:28 | INFO     | YAML File: engine\examples\config_groq_simple.yml
2026-01-18 09:54:28 | INFO     | ================================================================================
2026-01-18 09:54:28 | INFO     | Clearing context for fresh workflow start
2026-01-18 09:54:28 | DEBUG    | JSON context file reset: D:\Hackathons\Auraverse2_P2\YML-Agentic-Orchestrator\engine\context\raw.json
2026-01-18 09:54:28 | DEBUG    | RAG memory cleared
2026-01-18 09:54:28 | INFO     | Context cleared successfully in 0.001s
2026-01-18 09:54:28 | INFO     | Loading YAML configuration from: engine\examples\config_groq_simple.yml
2026-01-18 09:54:28 | ERROR    | Failed to load YAML file: Error parsing YAML file: while scanning a simple key
  in "engine\examples\config_groq_simple.yml", line 68, column 1
could not find expected ':'
  in "engine\examples\config_groq_simple.yml", line 69, column 1
2026-01-18 09:54:28 | ERROR    | ================================================================================
2026-01-18 09:54:28 | ERROR    | WORKFLOW EXECUTION FAILED
2026-01-18 09:54:28 | ERROR    | Error: Error parsing YAML file: while scanning a simple key
  in "engine\examples\config_groq_simple.yml", line 68, column 1
could not find expected ':'
  in "engine\examples\config_groq_simple.yml", line 69, column 1
2026-01-18 09:54:28 | ERROR    | Failed after: 0.01 seconds
2026-01-18 09:54:28 | ERROR    | ================================================================================
2026-01-18 09:54:28 | ERROR    | Full traceback:
2026-01-18 09:54:28 | ERROR    | Traceback (most recent call last):
  File "D:\Hackathons\Auraverse2_P2\YML-Agentic-Orchestrator\engine\YAMLParser.py", line 50, in load_yaml
    self.raw_data = yaml.safe_load(file)
                    ^^^^^^^^^^^^^^^^^^^^
  File "D:\Hackathons\Auraverse2_P2\YML-Agentic-Orchestrator\venv\Lib\site-packages\yaml\__init__.py", line 125, in safe_load
    return load(stream, SafeLoader)
           ^^^^^^^^^^^^^^^^^^^^^^^^
  File "D:\Hackathons\Auraverse2_P2\YML-Agentic-Orchestrator\venv\Lib\site-packages\yaml\__init__.py", line 81, in load
    return loader.get_single_data()
           ^^^^^^^^^^^^^^^^^^^^^^^^
  File "D:\Hackathons\Auraverse2_P2\YML-Agentic-Orchestrator\venv\Lib\site-packages\yaml\constructor.py", line 49, in get_single_data
    node = self.get_single_node()
           ^^^^^^^^^^^^^^^^^^^^^^
  File "D:\Hackathons\Auraverse2_P2\YML-Agentic-Orchestrator\venv\Lib\site-packages\yaml\composer.py", line 36, in get_single_node
    document = self.compose_document()
               ^^^^^^^^^^^^^^^^^^^^^^^
  File "D:\Hackathons\Auraverse2_P2\YML-Agentic-Orchestrator\venv\Lib\site-packages\yaml\composer.py", line 55, in compose_document
    node = self.compose_node(None, None)
           ^^^^^^^^^^^^^^^^^^^^^^^^^^^^^
  File "D:\Hackathons\Auraverse2_P2\YML-Agentic-Orchestrator\venv\Lib\site-packages\yaml\composer.py", line 84, in compose_node
    node = self.compose_mapping_node(anchor)
           ^^^^^^^^^^^^^^^^^^^^^^^^^^^^^^^^^
  File "D:\Hackathons\Auraverse2_P2\YML-Agentic-Orchestrator\venv\Lib\site-packages\yaml\composer.py", line 133, in compose_mapping_node
    item_value = self.compose_node(node, item_key)
                 ^^^^^^^^^^^^^^^^^^^^^^^^^^^^^^^^^
  File "D:\Hackathons\Auraverse2_P2\YML-Agentic-Orchestrator\venv\Lib\site-packages\yaml\composer.py", line 82, in compose_node
    node = self.compose_sequence_node(anchor)
           ^^^^^^^^^^^^^^^^^^^^^^^^^^^^^^^^^^
  File "D:\Hackathons\Auraverse2_P2\YML-Agentic-Orchestrator\venv\Lib\site-packages\yaml\composer.py", line 111, in compose_sequence_node
    node.value.append(self.compose_node(node, index))
                      ^^^^^^^^^^^^^^^^^^^^^^^^^^^^^^
  File "D:\Hackathons\Auraverse2_P2\YML-Agentic-Orchestrator\venv\Lib\site-packages\yaml\composer.py", line 84, in compose_node
    node = self.compose_mapping_node(anchor)
           ^^^^^^^^^^^^^^^^^^^^^^^^^^^^^^^^^
  File "D:\Hackathons\Auraverse2_P2\YML-Agentic-Orchestrator\venv\Lib\site-packages\yaml\composer.py", line 127, in compose_mapping_node
    while not self.check_event(MappingEndEvent):
              ^^^^^^^^^^^^^^^^^^^^^^^^^^^^^^^^^
  File "D:\Hackathons\Auraverse2_P2\YML-Agentic-Orchestrator\venv\Lib\site-packages\yaml\parser.py", line 98, in check_event
    self.current_event = self.state()
                         ^^^^^^^^^^^^
  File "D:\Hackathons\Auraverse2_P2\YML-Agentic-Orchestrator\venv\Lib\site-packages\yaml\parser.py", line 428, in parse_block_mapping_key
    if self.check_token(KeyToken):
       ^^^^^^^^^^^^^^^^^^^^^^^^^^
  File "D:\Hackathons\Auraverse2_P2\YML-Agentic-Orchestrator\venv\Lib\site-packages\yaml\scanner.py", line 115, in check_token
    while self.need_more_tokens():
          ^^^^^^^^^^^^^^^^^^^^^^^
  File "D:\Hackathons\Auraverse2_P2\YML-Agentic-Orchestrator\venv\Lib\site-packages\yaml\scanner.py", line 152, in need_more_tokens
    self.stale_possible_simple_keys()
  File "D:\Hackathons\Auraverse2_P2\YML-Agentic-Orchestrator\venv\Lib\site-packages\yaml\scanner.py", line 291, in stale_possible_simple_keys
    raise ScannerError("while scanning a simple key", key.mark,
yaml.scanner.ScannerError: while scanning a simple key
  in "engine\examples\config_groq_simple.yml", line 68, column 1
could not find expected ':'
  in "engine\examples\config_groq_simple.yml", line 69, column 1

During handling of the above exception, another exception occurred:

Traceback (most recent call last):
  File "D:\Hackathons\Auraverse2_P2\YML-Agentic-Orchestrator\engine\Agent.py", line 633, in async_workflow
    yaml_data = load_yaml_data(yaml_file)
                ^^^^^^^^^^^^^^^^^^^^^^^^^
  File "D:\Hackathons\Auraverse2_P2\YML-Agentic-Orchestrator\engine\Agent.py", line 80, in load_yaml_data
    data = parser.parse()
           ^^^^^^^^^^^^^^
  File "D:\Hackathons\Auraverse2_P2\YML-Agentic-Orchestrator\engine\YAMLParser.py", line 243, in parse
    self.load_yaml()
  File "D:\Hackathons\Auraverse2_P2\YML-Agentic-Orchestrator\engine\YAMLParser.py", line 55, in load_yaml
    raise ValueError(f"Error parsing YAML file: {e}")
ValueError: Error parsing YAML file: while scanning a simple key
  in "engine\examples\config_groq_simple.yml", line 68, column 1
could not find expected ':'
  in "engine\examples\config_groq_simple.yml", line 69, column 1

